<!DOCTYPE html PUBLIC "-//W3C//DTD XHTML 1.1//EN" "http://www.w3.org/TR/xhtml11/DTD/xhtml11.dtd">
<html xmlns="http://www.w3.org/1999/xhtml"><head><title>TestNG Report</title><style type="text/css">table {margin-bottom:10px;border-collapse:collapse;empty-cells:show}th,td {border:1px solid #009;padding:.25em .5em}th {vertical-align:bottom}td {vertical-align:top}table a {font-weight:bold}.stripe td {background-color: #E6EBF9}.num {text-align:right}.passedodd td {background-color: #3F3}.passedeven td {background-color: #0A0}.skippedodd td {background-color: #DDD}.skippedeven td {background-color: #CCC}.failedodd td,.attn {background-color: #F33}.failedeven td,.stripe .attn {background-color: #D00}.stacktrace {white-space:pre;font-family:monospace}.totop {font-size:85%;text-align:center;border-bottom:2px solid #000}</style></head><body><table><tr><th>Test</th><th># Passed</th><th># Skipped</th><th># Failed</th><th>Time (ms)</th><th>Included Groups</th><th>Excluded Groups</th></tr><tr><th colspan="7">Suite</th></tr><tr><td><a href="#t0">Test</a></td><td class="num">1</td><td class="num">0</td><td class="num">0</td><td class="num">8,231</td><td></td><td></td></tr><tr class="stripe"><td><a href="#t1">Test2</a></td><td class="num">2</td><td class="num">0</td><td class="num">0</td><td class="num">9,438</td><td></td><td></td></tr><tr><th>Total</th><th class="num">3</th><th class="num">0</th><th class="num">0</th><th class="num">17,669</th><th colspan="2"></th></tr></table><table><thead><tr><th>Class</th><th>Method</th><th>Start</th><th>Time (ms)</th></tr></thead><tbody><tr><th colspan="4">Suite</th></tr></tbody><tbody id="t0"><tr><th colspan="4">Test &#8212; failed (configuration methods)</th></tr><tr class="failedeven"><td rowspan="1">MAVEN_PROJ.PROJECT1.Title</td><td><a href="#m0">teardown</a></td><td rowspan="1">1646189572322</td><td rowspan="1">0</td></tr><tr><th colspan="4">Test &#8212; passed</th></tr><tr class="passedeven"><td rowspan="1">MAVEN_PROJ.PROJECT1.Title</td><td><a href="#m1">validateAppTitle</a></td><td rowspan="1">1646189572264</td><td rowspan="1">57</td></tr></tbody><tbody id="t1"><tr><th colspan="4">Test2 &#8212; failed (configuration methods)</th></tr><tr class="failedeven"><td rowspan="1">MAVEN_PROJ.PROJECT1.homePage</td><td><a href="#m2">teardown</a></td><td rowspan="1">1646189581814</td><td rowspan="1">0</td></tr><tr><th colspan="4">Test2 &#8212; passed</th></tr><tr class="passedeven"><td rowspan="2">MAVEN_PROJ.PROJECT1.homePage</td><td><a href="#m3">basePageNavigation</a></td><td rowspan="2">1646189580705</td><td rowspan="2">1108</td></tr><tr class="passedeven"><td><a href="#m4">basePageNavigation</a></td></tr></tbody></table><h2>Test</h2><h3 id="m0">MAVEN_PROJ.PROJECT1.Title#teardown</h3><table class="result"><tr><th>Exception</th></tr><tr><td><div class="stacktrace">org.openqa.selenium.remote.http.ConnectionFailedException: Unable to establish websocket connection to http://localhost:64029/devtools/browser/bed18352-addd-470b-84ee-1e2a638c3b7b
Build info: version: &apos;4.1.1&apos;, revision: &apos;e8fcc2cecf&apos;
System info: host: &apos;LAPTOP-TNIE7GNR&apos;, ip: &apos;192.168.50.4&apos;, os.name: &apos;Windows 10&apos;, os.arch: &apos;amd64&apos;, os.version: &apos;10.0&apos;, java.version: &apos;11.0.12&apos;
Driver info: driver.version: RemoteWebDriver
	at org.openqa.selenium.remote.http.netty.NettyWebSocket.&lt;init&gt;(NettyWebSocket.java:104)
	at org.openqa.selenium.remote.http.netty.NettyWebSocket.lambda$create$3(NettyWebSocket.java:137)
	at org.openqa.selenium.remote.http.netty.NettyClient.openSocket(NettyClient.java:118)
	at org.openqa.selenium.devtools.Connection.&lt;init&gt;(Connection.java:77)
	at org.openqa.selenium.firefox.FirefoxDriver.maybeGetDevTools(FirefoxDriver.java:366)
	at org.openqa.selenium.remote.RemoteWebDriver.close(RemoteWebDriver.java:425)
	at MAVEN_PROJ.PROJECT1.Title.teardown(Title.java:55)
... Removed 26 stack frames</div></td></tr></table><p class="totop"><a href="#summary">back to summary</a></p><h3 id="m1">MAVEN_PROJ.PROJECT1.Title#validateAppTitle</h3><table class="result"></table><p class="totop"><a href="#summary">back to summary</a></p><h2>Test2</h2><h3 id="m2">MAVEN_PROJ.PROJECT1.homePage#teardown</h3><table class="result"><tr><th>Exception</th></tr><tr><td><div class="stacktrace">org.openqa.selenium.remote.http.ConnectionFailedException: Unable to establish websocket connection to http://localhost:55201/devtools/browser/f3c055eb-2904-41ef-b138-76c0147df682
Build info: version: &apos;4.1.1&apos;, revision: &apos;e8fcc2cecf&apos;
System info: host: &apos;LAPTOP-TNIE7GNR&apos;, ip: &apos;192.168.50.4&apos;, os.name: &apos;Windows 10&apos;, os.arch: &apos;amd64&apos;, os.version: &apos;10.0&apos;, java.version: &apos;11.0.12&apos;
Driver info: driver.version: RemoteWebDriver
	at org.openqa.selenium.remote.http.netty.NettyWebSocket.&lt;init&gt;(NettyWebSocket.java:104)
	at org.openqa.selenium.remote.http.netty.NettyWebSocket.lambda$create$3(NettyWebSocket.java:137)
	at org.openqa.selenium.remote.http.netty.NettyClient.openSocket(NettyClient.java:118)
	at org.openqa.selenium.devtools.Connection.&lt;init&gt;(Connection.java:77)
	at org.openqa.selenium.firefox.FirefoxDriver.maybeGetDevTools(FirefoxDriver.java:366)
	at org.openqa.selenium.remote.RemoteWebDriver.close(RemoteWebDriver.java:425)
	at MAVEN_PROJ.PROJECT1.homePage.teardown(homePage.java:52)
... Removed 26 stack frames</div></td></tr></table><p class="totop"><a href="#summary">back to summary</a></p><h3 id="m3">MAVEN_PROJ.PROJECT1.homePage#basePageNavigation</h3><table class="result"><tr class="param"><th>Parameter #1</th><th>Parameter #2</th></tr><tr class="param stripe"><td>restricteduser@qw.com</td><td>456788</td></tr></table><p class="totop"><a href="#summary">back to summary</a></p><h3 id="m4">MAVEN_PROJ.PROJECT1.homePage#basePageNavigation</h3><table class="result"><tr class="param"><th>Parameter #1</th><th>Parameter #2</th></tr><tr class="param stripe"><td>nonrestricteduser@qw.com</td><td>123456</td></tr></table><p class="totop"><a href="#summary">back to summary</a></p></body></html>